<?xml version="1.0" encoding="UTF-8"?>
<!-- Generated by org.testng.reporters.JUnitReportReporter -->
<testsuite name="testPackage.TestNGAnnotation" tests="1" time="0.033" ignored="0" failures="0" timestamp="10 Oct 2021 14:24:09 GMT" skipped="0" hostname="AabhaJ" errors="0">
  <testcase name="name" time="0.033" classname="testPackage.TestNGAnnotation"/>
</testsuite> <!-- testPackage.TestNGAnnotation -->
